2016-07-13 18:13:32,069 -     INFO root:11:main() - ========== start the ball rolling ==========
2016-07-13 18:13:32,069 -    DEBUG root:13:main() - test root logger...
2016-07-13 18:13:32,070 -     INFO dir1.dir2.submod:5:<module>() - logger of submod say something...
2016-07-13 18:13:32,070 -     INFO dir1.mod:6:<module>() - logger of mod say something...
2016-07-13 18:13:32,070 -    DEBUG root:17:main() - let's test mod.testLogger()
2016-07-13 18:13:32,070 -    DEBUG dir1.mod:9:testLogger() - this is mod.testLogger...
2016-07-13 18:13:32,070 -     INFO dir1.dir2.submod:8:tst() - this is submod.tst()...
2016-07-13 18:13:32,070 -     INFO root:20:main() - finish test...
2016-07-13 18:13:33,769 -     INFO root:11:main() - ========== start the ball rolling ==========
2016-07-13 18:13:33,769 -    DEBUG root:13:main() - test root logger...
2016-07-13 18:13:33,770 -     INFO dir1.dir2.submod:5:<module>() - logger of submod say something...
2016-07-13 18:13:33,770 -     INFO dir1.mod:6:<module>() - logger of mod say something...
2016-07-13 18:13:33,770 -    DEBUG root:17:main() - let's test mod.testLogger()
2016-07-13 18:13:33,770 -    DEBUG dir1.mod:9:testLogger() - this is mod.testLogger...
2016-07-13 18:13:33,770 -     INFO dir1.dir2.submod:8:tst() - this is submod.tst()...
2016-07-13 18:13:33,770 -     INFO root:20:main() - finish test...
2016-07-13 18:13:36,102 -     INFO root:11:main() - ========== start the ball rolling ==========
2016-07-13 18:13:36,102 -    DEBUG root:13:main() - test root logger...
2016-07-13 18:13:36,103 -     INFO dir1.dir2.submod:5:<module>() - logger of submod say something...
2016-07-13 18:13:36,103 -     INFO dir1.mod:6:<module>() - logger of mod say something...
2016-07-13 18:13:36,104 -    DEBUG root:17:main() - let's test mod.testLogger()
2016-07-13 18:13:36,104 -    DEBUG dir1.mod:9:testLogger() - this is mod.testLogger...
2016-07-13 18:13:36,104 -     INFO dir1.dir2.submod:8:tst() - this is submod.tst()...
2016-07-13 18:13:36,104 -     INFO root:20:main() - finish test...
